Warning: Step size potentially too small.
Warning: singular matrix:  check nodes vref and vref

Note: Transient op started
Note: Transient op finished successfully
 Reference value : -4.00000e+01Error: 2.39784e+157, 2 out of range for pow
    in line b.xdut.xr26.brhrpoly_1p41

Note: Transient op started
Error: 2.39784e+157, 2 out of range for pow
    in line b.xdut.xr26.brhrpoly_1p41

Error: 2.39784e+157, 2 out of range for pow
    in line b.xdut.xr26.brhrpoly_1p41

Error: 2.39784e+157, 2 out of range for pow
    in line b.xdut.xr26.brhrpoly_1p41

Error: 2.39784e+157, 2 out of range for pow
    in line b.xdut.xr26.brhrpoly_1p41

Error: 2.39784e+157, 2 out of range for pow
    in line b.xdut.xr26.brhrpoly_1p41

Error: 2.39784e+157, 2 out of range for pow
    in line b.xdut.xr26.brhrpoly_1p41

Error: 2.39784e+157, 2 out of range for pow
    in line b.xdut.xr26.brhrpoly_1p41

Error: 2.39784e+157, 2 out of range for pow
    in line b.xdut.xr26.brhrpoly_1p41

Error: 2.39784e+157, 2 out of range for pow
    in line b.xdut.xr26.brhrpoly_1p41

Error: 2.39784e+157, 2 out of range for pow
    in line b.xdut.xr26.brhrpoly_1p41

Error: 2.39784e+157, 2 out of range for pow
    in line b.xdut.xr26.brhrpoly_1p41

Error: 2.39784e+157, 2 out of range for pow
    in line b.xdut.xr26.brhrpoly_1p41

Error: 2.39784e+157, 2 out of range for pow
    in line b.xdut.xr26.brhrpoly_1p41

Error: 2.39784e+157, 2 out of range for pow
    in line b.xdut.xr26.brhrpoly_1p41

Error: 2.39784e+157, 2 out of range for pow
    in line b.xdut.xr26.brhrpoly_1p41

Error: 2.39784e+157, 2 out of range for pow
    in line b.xdut.xr26.brhrpoly_1p41

Error: 2.39784e+157, 2 out of range for pow
    in line b.xdut.xr26.brhrpoly_1p41

Error: 2.39784e+157, 2 out of range for pow
    in line b.xdut.xr26.brhrpoly_1p41

Error: 2.39784e+157, 2 out of range for pow
    in line b.xdut.xr26.brhrpoly_1p41

Error: 2.39784e+157, 2 out of range for pow
    in line b.xdut.xr26.brhrpoly_1p41

Error: 2.39784e+157, 2 out of range for pow
    in line b.xdut.xr26.brhrpoly_1p41

Error: 2.39784e+157, 2 out of range for pow
    in line b.xdut.xr26.brhrpoly_1p41

Error: 2.39784e+157, 2 out of range for pow
    in line b.xdut.xr26.brhrpoly_1p41

Error: 2.39784e+157, 2 out of range for pow
    in line b.xdut.xr26.brhrpoly_1p41

Error: 2.39784e+157, 2 out of range for pow
    in line b.xdut.xr26.brhrpoly_1p41

Error: 2.39784e+157, 2 out of range for pow
    in line b.xdut.xr26.brhrpoly_1p41

Error: 2.39784e+157, 2 out of range for pow
    in line b.xdut.xr26.brhrpoly_1p41

Error: 2.39784e+157, 2 out of range for pow
    in line b.xdut.xr26.brhrpoly_1p41

Error: 2.39784e+157, 2 out of range for pow
    in line b.xdut.xr26.brhrpoly_1p41

Error: 2.39784e+157, 2 out of range for pow
    in line b.xdut.xr26.brhrpoly_1p41

Error: 2.39784e+157, 2 out of range for pow
    in line b.xdut.xr26.brhrpoly_1p41

Error: 2.39784e+157, 2 out of range for pow
    in line b.xdut.xr26.brhrpoly_1p41

Error: 2.39784e+157, 2 out of range for pow
    in line b.xdut.xr26.brhrpoly_1p41

Error: 2.39784e+157, 2 out of range for pow
    in line b.xdut.xr26.brhrpoly_1p41

Error: 2.39784e+157, 2 out of range for pow
    in line b.xdut.xr26.brhrpoly_1p41

Error: 2.39784e+157, 2 out of range for pow
    in line b.xdut.xr26.brhrpoly_1p41

Error: 2.39784e+157, 2 out of range for pow
    in line b.xdut.xr26.brhrpoly_1p41

Error: 2.39784e+157, 2 out of range for pow
    in line b.xdut.xr26.brhrpoly_1p41

Error: 2.39784e+157, 2 out of range for pow
    in line b.xdut.xr26.brhrpoly_1p41

Error: 2.39784e+157, 2 out of range for pow
    in line b.xdut.xr26.brhrpoly_1p41

Error: 2.39784e+157, 2 out of range for pow
    in line b.xdut.xr26.brhrpoly_1p41

Error: 2.39784e+157, 2 out of range for pow
    in line b.xdut.xr26.brhrpoly_1p41

Error: 2.39784e+157, 2 out of range for pow
    in line b.xdut.xr26.brhrpoly_1p41

Error: 2.39784e+157, 2 out of range for pow
    in line b.xdut.xr26.brhrpoly_1p41

Error: 2.39784e+157, 2 out of range for pow
    in line b.xdut.xr26.brhrpoly_1p41

Error: 2.39784e+157, 2 out of range for pow
    in line b.xdut.xr26.brhrpoly_1p41

Error: 2.39784e+157, 2 out of range for pow
    in line b.xdut.xr26.brhrpoly_1p41

Error: 2.39784e+157, 2 out of range for pow
    in line b.xdut.xr26.brhrpoly_1p41

Error: 2.39784e+157, 2 out of range for pow
    in line b.xdut.xr26.brhrpoly_1p41

Error: 2.39784e+157, 2 out of range for pow
    in line b.xdut.xr26.brhrpoly_1p41

Error: 2.39784e+157, 2 out of range for pow
    in line b.xdut.xr26.brhrpoly_1p41

Error: 2.39784e+157, 2 out of range for pow
    in line b.xdut.xr26.brhrpoly_1p41

Error: 2.39784e+157, 2 out of range for pow
    in line b.xdut.xr26.brhrpoly_1p41

Error: 2.39784e+157, 2 out of range for pow
    in line b.xdut.xr26.brhrpoly_1p41

Error: 2.39784e+157, 2 out of range for pow
    in line b.xdut.xr26.brhrpoly_1p41

Error: 2.39784e+157, 2 out of range for pow
    in line b.xdut.xr26.brhrpoly_1p41

Error: 2.39784e+157, 2 out of range for pow
    in line b.xdut.xr26.brhrpoly_1p41

Error: 2.39784e+157, 2 out of range for pow
    in line b.xdut.xr26.brhrpoly_1p41

Error: 2.39784e+157, 2 out of range for pow
    in line b.xdut.xr26.brhrpoly_1p41

Error: 2.39784e+157, 2 out of range for pow
    in line b.xdut.xr26.brhrpoly_1p41

Error: 2.39784e+157, 2 out of range for pow
    in line b.xdut.xr26.brhrpoly_1p41

Error: 2.39784e+157, 2 out of range for pow
    in line b.xdut.xr26.brhrpoly_1p41

Error: 2.39784e+157, 2 out of range for pow
    in line b.xdut.xr26.brhrpoly_1p41

Error: 2.39784e+157, 2 out of range for pow
    in line b.xdut.xr26.brhrpoly_1p41

Error: 2.39784e+157, 2 out of range for pow
    in line b.xdut.xr26.brhrpoly_1p41

Error: 2.39784e+157, 2 out of range for pow
    in line b.xdut.xr26.brhrpoly_1p41

Error: 2.39784e+157, 2 out of range for pow
    in line b.xdut.xr26.brhrpoly_1p41

Error: 2.39784e+157, 2 out of range for pow
    in line b.xdut.xr26.brhrpoly_1p41

Error: 2.39784e+157, 2 out of range for pow
    in line b.xdut.xr26.brhrpoly_1p41

Error: 2.39784e+157, 2 out of range for pow
    in line b.xdut.xr26.brhrpoly_1p41

Error: 2.39784e+157, 2 out of range for pow
    in line b.xdut.xr26.brhrpoly_1p41

Error: 2.39784e+157, 2 out of range for pow
    in line b.xdut.xr26.brhrpoly_1p41

Error: 2.39784e+157, 2 out of range for pow
    in line b.xdut.xr26.brhrpoly_1p41

Error: 2.39784e+157, 2 out of range for pow
    in line b.xdut.xr26.brhrpoly_1p41

Error: 2.39784e+157, 2 out of range for pow
    in line b.xdut.xr26.brhrpoly_1p41

Error: 2.39784e+157, 2 out of range for pow
    in line b.xdut.xr26.brhrpoly_1p41

Error: 2.39784e+157, 2 out of range for pow
    in line b.xdut.xr26.brhrpoly_1p41

Error: 2.39784e+157, 2 out of range for pow
    in line b.xdut.xr26.brhrpoly_1p41

Error: 2.39784e+157, 2 out of range for pow
    in line b.xdut.xr26.brhrpoly_1p41

Error: 2.39784e+157, 2 out of range for pow
    in line b.xdut.xr26.brhrpoly_1p41

Error: 2.39784e+157, 2 out of range for pow
    in line b.xdut.xr26.brhrpoly_1p41

Error: 2.39784e+157, 2 out of range for pow
    in line b.xdut.xr26.brhrpoly_1p41

Error: 2.39784e+157, 2 out of range for pow
    in line b.xdut.xr26.brhrpoly_1p41

Error: 2.39784e+157, 2 out of range for pow
    in line b.xdut.xr26.brhrpoly_1p41

Error: 2.39784e+157, 2 out of range for pow
    in line b.xdut.xr26.brhrpoly_1p41

Error: 2.39784e+157, 2 out of range for pow
    in line b.xdut.xr26.brhrpoly_1p41

Error: 2.39784e+157, 2 out of range for pow
    in line b.xdut.xr26.brhrpoly_1p41

Error: 2.39784e+157, 2 out of range for pow
    in line b.xdut.xr26.brhrpoly_1p41

Error: 2.39784e+157, 2 out of range for pow
    in line b.xdut.xr26.brhrpoly_1p41

Error: 2.39784e+157, 2 out of range for pow
    in line b.xdut.xr26.brhrpoly_1p41

Error: 2.39784e+157, 2 out of range for pow
    in line b.xdut.xr26.brhrpoly_1p41

Error: 2.39784e+157, 2 out of range for pow
    in line b.xdut.xr26.brhrpoly_1p41

Error: 2.39784e+157, 2 out of range for pow
    in line b.xdut.xr26.brhrpoly_1p41

Error: 2.39784e+157, 2 out of range for pow
    in line b.xdut.xr26.brhrpoly_1p41

Error: 2.39784e+157, 2 out of range for pow
    in line b.xdut.xr26.brhrpoly_1p41

Error: 2.39784e+157, 2 out of range for pow
    in line b.xdut.xr26.brhrpoly_1p41

Error: 2.39784e+157, 2 out of range for pow
    in line b.xdut.xr26.brhrpoly_1p41

Error: 2.39784e+157, 2 out of range for pow
    in line b.xdut.xr26.brhrpoly_1p41

Error: 2.39784e+157, 2 out of range for pow
    in line b.xdut.xr26.brhrpoly_1p41

Error: 2.39784e+157, 2 out of range for pow
    in line b.xdut.xr26.brhrpoly_1p41

Error: 2.39784e+157, 2 out of range for pow
    in line b.xdut.xr26.brhrpoly_1p41

Error: 2.39784e+157, 2 out of range for pow
    in line b.xdut.xr26.brhrpoly_1p41

Error: 2.39784e+157, 2 out of range for pow
    in line b.xdut.xr26.brhrpoly_1p41

Error: 2.39784e+157, 2 out of range for pow
    in line b.xdut.xr26.brhrpoly_1p41

Error: 2.39784e+157, 2 out of range for pow
    in line b.xdut.xr26.brhrpoly_1p41

Error: 2.39784e+157, 2 out of range for pow
    in line b.xdut.xr26.brhrpoly_1p41

Error: 2.39784e+157, 2 out of range for pow
    in line b.xdut.xr26.brhrpoly_1p41

Error: 2.39784e+157, 2 out of range for pow
    in line b.xdut.xr26.brhrpoly_1p41

Error: 2.39784e+157, 2 out of range for pow
    in line b.xdut.xr26.brhrpoly_1p41

Error: 2.39784e+157, 2 out of range for pow
    in line b.xdut.xr26.brhrpoly_1p41

Error: 2.39784e+157, 2 out of range for pow
    in line b.xdut.xr26.brhrpoly_1p41

Error: 2.39784e+157, 2 out of range for pow
    in line b.xdut.xr26.brhrpoly_1p41

Error: 2.39784e+157, 2 out of range for pow
    in line b.xdut.xr26.brhrpoly_1p41

Error: 2.39784e+157, 2 out of range for pow
    in line b.xdut.xr26.brhrpoly_1p41

Error: 2.39784e+157, 2 out of range for pow
    in line b.xdut.xr26.brhrpoly_1p41

Error: 2.39784e+157, 2 out of range for pow
    in line b.xdut.xr26.brhrpoly_1p41

Error: 2.39784e+157, 2 out of range for pow
    in line b.xdut.xr26.brhrpoly_1p41

Error: 2.39784e+157, 2 out of range for pow
    in line b.xdut.xr26.brhrpoly_1p41

Error: 2.39784e+157, 2 out of range for pow
    in line b.xdut.xr26.brhrpoly_1p41

Error: 2.39784e+157, 2 out of range for pow
    in line b.xdut.xr26.brhrpoly_1p41

Error: 2.39784e+157, 2 out of range for pow
    in line b.xdut.xr26.brhrpoly_1p41

Error: 2.39784e+157, 2 out of range for pow
    in line b.xdut.xr26.brhrpoly_1p41

Error: 2.39784e+157, 2 out of range for pow
    in line b.xdut.xr26.brhrpoly_1p41

Error: 2.39784e+157, 2 out of range for pow
    in line b.xdut.xr26.brhrpoly_1p41

Error: 2.39784e+157, 2 out of range for pow
    in line b.xdut.xr26.brhrpoly_1p41

Error: 2.39784e+157, 2 out of range for pow
    in line b.xdut.xr26.brhrpoly_1p41

Error: 2.39784e+157, 2 out of range for pow
    in line b.xdut.xr26.brhrpoly_1p41

Error: 2.39784e+157, 2 out of range for pow
    in line b.xdut.xr26.brhrpoly_1p41

Error: 2.39784e+157, 2 out of range for pow
    in line b.xdut.xr26.brhrpoly_1p41

Error: 2.39784e+157, 2 out of range for pow
    in line b.xdut.xr26.brhrpoly_1p41

Error: 2.39784e+157, 2 out of range for pow
    in line b.xdut.xr26.brhrpoly_1p41

Error: 2.39784e+157, 2 out of range for pow
    in line b.xdut.xr26.brhrpoly_1p41

Error: 2.39784e+157, 2 out of range for pow
    in line b.xdut.xr26.brhrpoly_1p41

Error: 2.39784e+157, 2 out of range for pow
    in line b.xdut.xr26.brhrpoly_1p41

Error: 2.39784e+157, 2 out of range for pow
    in line b.xdut.xr26.brhrpoly_1p41

Error: 2.39784e+157, 2 out of range for pow
    in line b.xdut.xr26.brhrpoly_1p41

Error: 2.39784e+157, 2 out of range for pow
    in line b.xdut.xr26.brhrpoly_1p41

Error: 2.39784e+157, 2 out of range for pow
    in line b.xdut.xr26.brhrpoly_1p41

Error: 2.39784e+157, 2 out of range for pow
    in line b.xdut.xr26.brhrpoly_1p41

Error: 2.39784e+157, 2 out of range for pow
    in line b.xdut.xr26.brhrpoly_1p41

Error: 2.39784e+157, 2 out of range for pow
    in line b.xdut.xr26.brhrpoly_1p41

Error: 2.39784e+157, 2 out of range for pow
    in line b.xdut.xr26.brhrpoly_1p41

Error: 2.39784e+157, 2 out of range for pow
    in line b.xdut.xr26.brhrpoly_1p41

Error: 2.39784e+157, 2 out of range for pow
    in line b.xdut.xr26.brhrpoly_1p41

Error: 2.39784e+157, 2 out of range for pow
    in line b.xdut.xr26.brhrpoly_1p41

Error: 2.39784e+157, 2 out of range for pow
    in line b.xdut.xr26.brhrpoly_1p41

Error: 2.39784e+157, 2 out of range for pow
    in line b.xdut.xr26.brhrpoly_1p41

Error: 2.39784e+157, 2 out of range for pow
    in line b.xdut.xr26.brhrpoly_1p41

Error: 2.39784e+157, 2 out of range for pow
    in line b.xdut.xr26.brhrpoly_1p41

Error: 2.39784e+157, 2 out of range for pow
    in line b.xdut.xr26.brhrpoly_1p41

Error: 2.39784e+157, 2 out of range for pow
    in line b.xdut.xr26.brhrpoly_1p41

Error: 2.39784e+157, 2 out of range for pow
    in line b.xdut.xr26.brhrpoly_1p41

Error: 2.39784e+157, 2 out of range for pow
    in line b.xdut.xr26.brhrpoly_1p41

Error: 2.39784e+157, 2 out of range for pow
    in line b.xdut.xr26.brhrpoly_1p41

Error: 2.39784e+157, 2 out of range for pow
    in line b.xdut.xr26.brhrpoly_1p41

Error: 2.39784e+157, 2 out of range for pow
    in line b.xdut.xr26.brhrpoly_1p41

Error: 2.39784e+157, 2 out of range for pow
    in line b.xdut.xr26.brhrpoly_1p41

Error: 2.39784e+157, 2 out of range for pow
    in line b.xdut.xr26.brhrpoly_1p41

Error: 2.39784e+157, 2 out of range for pow
    in line b.xdut.xr26.brhrpoly_1p41

Error: 2.39784e+157, 2 out of range for pow
    in line b.xdut.xr26.brhrpoly_1p41

Error: 2.39784e+157, 2 out of range for pow
    in line b.xdut.xr26.brhrpoly_1p41

Error: 2.39784e+157, 2 out of range for pow
    in line b.xdut.xr26.brhrpoly_1p41

Error: 2.39784e+157, 2 out of range for pow
    in line b.xdut.xr26.brhrpoly_1p41

Error: 2.39784e+157, 2 out of range for pow
    in line b.xdut.xr26.brhrpoly_1p41

Error: 2.39784e+157, 2 out of range for pow
    in line b.xdut.xr26.brhrpoly_1p41

Error: 2.39784e+157, 2 out of range for pow
    in line b.xdut.xr26.brhrpoly_1p41

Error: 2.39784e+157, 2 out of range for pow
    in line b.xdut.xr26.brhrpoly_1p41

Error: 2.39784e+157, 2 out of range for pow
    in line b.xdut.xr26.brhrpoly_1p41

Error: 2.39784e+157, 2 out of range for pow
    in line b.xdut.xr26.brhrpoly_1p41

Error: 2.39784e+157, 2 out of range for pow
    in line b.xdut.xr26.brhrpoly_1p41

Error: 2.39784e+157, 2 out of range for pow
    in line b.xdut.xr26.brhrpoly_1p41

Error: 2.39784e+157, 2 out of range for pow
    in line b.xdut.xr26.brhrpoly_1p41

Error: 2.39784e+157, 2 out of range for pow
    in line b.xdut.xr26.brhrpoly_1p41

Error: 2.39784e+157, 2 out of range for pow
    in line b.xdut.xr26.brhrpoly_1p41

Error: 2.39784e+157, 2 out of range for pow
    in line b.xdut.xr26.brhrpoly_1p41

Error: 2.39784e+157, 2 out of range for pow
    in line b.xdut.xr26.brhrpoly_1p41

Error: 2.39784e+157, 2 out of range for pow
    in line b.xdut.xr26.brhrpoly_1p41

Error: 2.39784e+157, 2 out of range for pow
    in line b.xdut.xr26.brhrpoly_1p41

Error: 2.39784e+157, 2 out of range for pow
    in line b.xdut.xr26.brhrpoly_1p41

Error: 2.39784e+157, 2 out of range for pow
    in line b.xdut.xr26.brhrpoly_1p41

Error: 2.39784e+157, 2 out of range for pow
    in line b.xdut.xr26.brhrpoly_1p41

Error: 2.39784e+157, 2 out of range for pow
    in line b.xdut.xr26.brhrpoly_1p41

Error: 2.39784e+157, 2 out of range for pow
    in line b.xdut.xr26.brhrpoly_1p41

Error: 2.39784e+157, 2 out of range for pow
    in line b.xdut.xr26.brhrpoly_1p41

Error: 2.39784e+157, 2 out of range for pow
    in line b.xdut.xr26.brhrpoly_1p41

Error: 2.39784e+157, 2 out of range for pow
    in line b.xdut.xr26.brhrpoly_1p41

Error: 2.39784e+157, 2 out of range for pow
    in line b.xdut.xr26.brhrpoly_1p41

Error: 2.39784e+157, 2 out of range for pow
    in line b.xdut.xr26.brhrpoly_1p41

Error: 2.39784e+157, 2 out of range for pow
    in line b.xdut.xr26.brhrpoly_1p41

Error: 2.39784e+157, 2 out of range for pow
    in line b.xdut.xr26.brhrpoly_1p41

Error: 2.39784e+157, 2 out of range for pow
    in line b.xdut.xr26.brhrpoly_1p41

Error: 2.39784e+157, 2 out of range for pow
    in line b.xdut.xr26.brhrpoly_1p41

Error: 2.39784e+157, 2 out of range for pow
    in line b.xdut.xr26.brhrpoly_1p41

Error: 2.39784e+157, 2 out of range for pow
    in line b.xdut.xr26.brhrpoly_1p41

Error: 2.39784e+157, 2 out of range for pow
    in line b.xdut.xr26.brhrpoly_1p41

Error: 2.39784e+157, 2 out of range for pow
    in line b.xdut.xr26.brhrpoly_1p41

Error: 2.39784e+157, 2 out of range for pow
    in line b.xdut.xr26.brhrpoly_1p41

Error: 2.39784e+157, 2 out of range for pow
    in line b.xdut.xr26.brhrpoly_1p41

Error: 2.39784e+157, 2 out of range for pow
    in line b.xdut.xr26.brhrpoly_1p41

Error: 2.39784e+157, 2 out of range for pow
    in line b.xdut.xr26.brhrpoly_1p41

Error: 2.39784e+157, 2 out of range for pow
    in line b.xdut.xr26.brhrpoly_1p41

Error: 2.39784e+157, 2 out of range for pow
    in line b.xdut.xr26.brhrpoly_1p41

Error: 2.39784e+157, 2 out of range for pow
    in line b.xdut.xr26.brhrpoly_1p41

Error: 2.39784e+157, 2 out of range for pow
    in line b.xdut.xr26.brhrpoly_1p41

Error: 2.39784e+157, 2 out of range for pow
    in line b.xdut.xr26.brhrpoly_1p41

Error: 2.39784e+157, 2 out of range for pow
    in line b.xdut.xr26.brhrpoly_1p41

Error: 2.39784e+157, 2 out of range for pow
    in line b.xdut.xr26.brhrpoly_1p41

Error: 2.39784e+157, 2 out of range for pow
    in line b.xdut.xr26.brhrpoly_1p41

Error: 2.39784e+157, 2 out of range for pow
    in line b.xdut.xr26.brhrpoly_1p41

Error: 2.39784e+157, 2 out of range for pow
    in line b.xdut.xr26.brhrpoly_1p41

Error: 2.39784e+157, 2 out of range for pow
    in line b.xdut.xr26.brhrpoly_1p41

Error: 2.39784e+157, 2 out of range for pow
    in line b.xdut.xr26.brhrpoly_1p41

Error: 2.39784e+157, 2 out of range for pow
    in line b.xdut.xr26.brhrpoly_1p41

Error: 2.39784e+157, 2 out of range for pow
    in line b.xdut.xr26.brhrpoly_1p41

Error: 2.39784e+157, 2 out of range for pow
    in line b.xdut.xr26.brhrpoly_1p41

Error: 2.39784e+157, 2 out of range for pow
    in line b.xdut.xr26.brhrpoly_1p41

Error: 2.39784e+157, 2 out of range for pow
    in line b.xdut.xr26.brhrpoly_1p41

Error: 2.39784e+157, 2 out of range for pow
    in line b.xdut.xr26.brhrpoly_1p41

Error: 2.39784e+157, 2 out of range for pow
    in line b.xdut.xr26.brhrpoly_1p41

Error: 2.39784e+157, 2 out of range for pow
    in line b.xdut.xr26.brhrpoly_1p41

Error: 2.39784e+157, 2 out of range for pow
    in line b.xdut.xr26.brhrpoly_1p41

Error: 2.39784e+157, 2 out of range for pow
    in line b.xdut.xr26.brhrpoly_1p41

Error: 2.39784e+157, 2 out of range for pow
    in line b.xdut.xr26.brhrpoly_1p41

Error: 2.39784e+157, 2 out of range for pow
    in line b.xdut.xr26.brhrpoly_1p41

Error: 2.39784e+157, 2 out of range for pow
    in line b.xdut.xr26.brhrpoly_1p41

Error: 2.39784e+157, 2 out of range for pow
    in line b.xdut.xr26.brhrpoly_1p41

Error: 2.39784e+157, 2 out of range for pow
    in line b.xdut.xr26.brhrpoly_1p41

Error: 2.39784e+157, 2 out of range for pow
    in line b.xdut.xr26.brhrpoly_1p41

Error: 2.39784e+157, 2 out of range for pow
    in line b.xdut.xr26.brhrpoly_1p41

Error: 2.39784e+157, 2 out of range for pow
    in line b.xdut.xr26.brhrpoly_1p41

Error: 2.39784e+157, 2 out of range for pow
    in line b.xdut.xr26.brhrpoly_1p41

Error: 2.39784e+157, 2 out of range for pow
    in line b.xdut.xr26.brhrpoly_1p41

Error: 2.39784e+157, 2 out of range for pow
    in line b.xdut.xr26.brhrpoly_1p41

Error: 2.39784e+157, 2 out of range for pow
    in line b.xdut.xr26.brhrpoly_1p41

Error: 2.39784e+157, 2 out of range for pow
    in line b.xdut.xr26.brhrpoly_1p41

Error: 2.39784e+157, 2 out of range for pow
    in line b.xdut.xr26.brhrpoly_1p41

Error: 2.39784e+157, 2 out of range for pow
    in line b.xdut.xr26.brhrpoly_1p41

Error: 2.39784e+157, 2 out of range for pow
    in line b.xdut.xr26.brhrpoly_1p41

Error: 2.39784e+157, 2 out of range for pow
    in line b.xdut.xr26.brhrpoly_1p41

Error: 2.39784e+157, 2 out of range for pow
    in line b.xdut.xr26.brhrpoly_1p41

Error: 2.39784e+157, 2 out of range for pow
    in line b.xdut.xr26.brhrpoly_1p41

Error: 2.39784e+157, 2 out of range for pow
    in line b.xdut.xr26.brhrpoly_1p41

Error: 2.39784e+157, 2 out of range for pow
    in line b.xdut.xr26.brhrpoly_1p41

Error: 2.39784e+157, 2 out of range for pow
    in line b.xdut.xr26.brhrpoly_1p41

Error: 2.39784e+157, 2 out of range for pow
    in line b.xdut.xr26.brhrpoly_1p41

Error: 2.39784e+157, 2 out of range for pow
    in line b.xdut.xr26.brhrpoly_1p41

Error: 2.39784e+157, 2 out of range for pow
    in line b.xdut.xr26.brhrpoly_1p41

Error: 2.39784e+157, 2 out of range for pow
    in line b.xdut.xr26.brhrpoly_1p41

Error: 2.39784e+157, 2 out of range for pow
    in line b.xdut.xr26.brhrpoly_1p41

Error: 2.39784e+157, 2 out of range for pow
    in line b.xdut.xr26.brhrpoly_1p41

Error: 2.39784e+157, 2 out of range for pow
    in line b.xdut.xr26.brhrpoly_1p41

Error: 2.39784e+157, 2 out of range for pow
    in line b.xdut.xr26.brhrpoly_1p41

Error: 2.39784e+157, 2 out of range for pow
    in line b.xdut.xr26.brhrpoly_1p41

Error: 2.39784e+157, 2 out of range for pow
    in line b.xdut.xr26.brhrpoly_1p41

Error: 2.39784e+157, 2 out of range for pow
    in line b.xdut.xr26.brhrpoly_1p41

Error: 2.39784e+157, 2 out of range for pow
    in line b.xdut.xr26.brhrpoly_1p41

Error: 2.39784e+157, 2 out of range for pow
    in line b.xdut.xr26.brhrpoly_1p41

Error: 2.39784e+157, 2 out of range for pow
    in line b.xdut.xr26.brhrpoly_1p41

Error: 2.39784e+157, 2 out of range for pow
    in line b.xdut.xr26.brhrpoly_1p41

Error: 2.39784e+157, 2 out of range for pow
    in line b.xdut.xr26.brhrpoly_1p41

Error: 2.39784e+157, 2 out of range for pow
    in line b.xdut.xr26.brhrpoly_1p41

Error: 2.39784e+157, 2 out of range for pow
    in line b.xdut.xr26.brhrpoly_1p41

Error: 2.39784e+157, 2 out of range for pow
    in line b.xdut.xr26.brhrpoly_1p41

Error: 2.39784e+157, 2 out of range for pow
    in line b.xdut.xr26.brhrpoly_1p41

Error: 2.39784e+157, 2 out of range for pow
    in line b.xdut.xr26.brhrpoly_1p41

Error: 2.39784e+157, 2 out of range for pow
    in line b.xdut.xr26.brhrpoly_1p41

Error: 2.39784e+157, 2 out of range for pow
    in line b.xdut.xr26.brhrpoly_1p41

Error: 2.39784e+157, 2 out of range for pow
    in line b.xdut.xr26.brhrpoly_1p41

Error: 2.39784e+157, 2 out of range for pow
    in line b.xdut.xr26.brhrpoly_1p41

Error: 2.39784e+157, 2 out of range for pow
    in line b.xdut.xr26.brhrpoly_1p41

Error: 2.39784e+157, 2 out of range for pow
    in line b.xdut.xr26.brhrpoly_1p41

Error: 2.39784e+157, 2 out of range for pow
    in line b.xdut.xr26.brhrpoly_1p41

Error: 2.39784e+157, 2 out of range for pow
    in line b.xdut.xr26.brhrpoly_1p41

Error: 2.39784e+157, 2 out of range for pow
    in line b.xdut.xr26.brhrpoly_1p41

Error: 2.39784e+157, 2 out of range for pow
    in line b.xdut.xr26.brhrpoly_1p41

Error: 2.39784e+157, 2 out of range for pow
    in line b.xdut.xr26.brhrpoly_1p41

Error: 2.39784e+157, 2 out of range for pow
    in line b.xdut.xr26.brhrpoly_1p41

Error: 2.39784e+157, 2 out of range for pow
    in line b.xdut.xr26.brhrpoly_1p41

Error: 2.39784e+157, 2 out of range for pow
    in line b.xdut.xr26.brhrpoly_1p41

Error: 2.39784e+157, 2 out of range for pow
    in line b.xdut.xr26.brhrpoly_1p41

Error: 2.39784e+157, 2 out of range for pow
    in line b.xdut.xr26.brhrpoly_1p41

Error: 2.39784e+157, 2 out of range for pow
    in line b.xdut.xr26.brhrpoly_1p41

Error: 2.39784e+157, 2 out of range for pow
    in line b.xdut.xr26.brhrpoly_1p41

Error: 2.39784e+157, 2 out of range for pow
    in line b.xdut.xr26.brhrpoly_1p41

Error: 2.39784e+157, 2 out of range for pow
    in line b.xdut.xr26.brhrpoly_1p41

Error: 2.39784e+157, 2 out of range for pow
    in line b.xdut.xr26.brhrpoly_1p41

Error: 2.39784e+157, 2 out of range for pow
    in line b.xdut.xr26.brhrpoly_1p41

Error: 2.39784e+157, 2 out of range for pow
    in line b.xdut.xr26.brhrpoly_1p41

Error: 2.39784e+157, 2 out of range for pow
    in line b.xdut.xr26.brhrpoly_1p41

Error: 2.39784e+157, 2 out of range for pow
    in line b.xdut.xr26.brhrpoly_1p41

Error: 2.39784e+157, 2 out of range for pow
    in line b.xdut.xr26.brhrpoly_1p41

Error: 2.39784e+157, 2 out of range for pow
    in line b.xdut.xr26.brhrpoly_1p41

Error: 2.39784e+157, 2 out of range for pow
    in line b.xdut.xr26.brhrpoly_1p41

Error: 2.39784e+157, 2 out of range for pow
    in line b.xdut.xr26.brhrpoly_1p41

Error: 2.39784e+157, 2 out of range for pow
    in line b.xdut.xr26.brhrpoly_1p41

Error: 2.39784e+157, 2 out of range for pow
    in line b.xdut.xr26.brhrpoly_1p41

Error: 2.39784e+157, 2 out of range for pow
    in line b.xdut.xr26.brhrpoly_1p41

Error: 2.39784e+157, 2 out of range for pow
    in line b.xdut.xr26.brhrpoly_1p41

Error: 2.39784e+157, 2 out of range for pow
    in line b.xdut.xr26.brhrpoly_1p41

Error: 2.39784e+157, 2 out of range for pow
    in line b.xdut.xr26.brhrpoly_1p41

Error: 2.39784e+157, 2 out of range for pow
    in line b.xdut.xr26.brhrpoly_1p41

Error: 2.39784e+157, 2 out of range for pow
    in line b.xdut.xr26.brhrpoly_1p41

Error: 2.39784e+157, 2 out of range for pow
    in line b.xdut.xr26.brhrpoly_1p41

Error: 2.39784e+157, 2 out of range for pow
    in line b.xdut.xr26.brhrpoly_1p41

Error: 2.39784e+157, 2 out of range for pow
    in line b.xdut.xr26.brhrpoly_1p41

Error: 2.39784e+157, 2 out of range for pow
    in line b.xdut.xr26.brhrpoly_1p41

Error: 2.39784e+157, 2 out of range for pow
    in line b.xdut.xr26.brhrpoly_1p41

Error: 2.39784e+157, 2 out of range for pow
    in line b.xdut.xr26.brhrpoly_1p41

Error: 2.39784e+157, 2 out of range for pow
    in line b.xdut.xr26.brhrpoly_1p41

Error: 2.39784e+157, 2 out of range for pow
    in line b.xdut.xr26.brhrpoly_1p41

Error: 2.39784e+157, 2 out of range for pow
    in line b.xdut.xr26.brhrpoly_1p41

Error: 2.39784e+157, 2 out of range for pow
    in line b.xdut.xr26.brhrpoly_1p41

Error: 2.39784e+157, 2 out of range for pow
    in line b.xdut.xr26.brhrpoly_1p41

Error: 2.39784e+157, 2 out of range for pow
    in line b.xdut.xr26.brhrpoly_1p41

Error: 2.39784e+157, 2 out of range for pow
    in line b.xdut.xr26.brhrpoly_1p41

Error: 2.39784e+157, 2 out of range for pow
    in line b.xdut.xr26.brhrpoly_1p41

Error: 2.39784e+157, 2 out of range for pow
    in line b.xdut.xr26.brhrpoly_1p41

Error: 2.39784e+157, 2 out of range for pow
    in line b.xdut.xr26.brhrpoly_1p41

Error: 2.39784e+157, 2 out of range for pow
    in line b.xdut.xr26.brhrpoly_1p41

Error: 2.39784e+157, 2 out of range for pow
    in line b.xdut.xr26.brhrpoly_1p41

Error: 2.39784e+157, 2 out of range for pow
    in line b.xdut.xr26.brhrpoly_1p41

Error: 2.39784e+157, 2 out of range for pow
    in line b.xdut.xr26.brhrpoly_1p41

Error: 2.39784e+157, 2 out of range for pow
    in line b.xdut.xr26.brhrpoly_1p41

Error: 2.39784e+157, 2 out of range for pow
    in line b.xdut.xr26.brhrpoly_1p41

Error: 2.39784e+157, 2 out of range for pow
    in line b.xdut.xr26.brhrpoly_1p41

Error: 2.39784e+157, 2 out of range for pow
    in line b.xdut.xr26.brhrpoly_1p41

Error: 2.39784e+157, 2 out of range for pow
    in line b.xdut.xr26.brhrpoly_1p41

Error: 2.39784e+157, 2 out of range for pow
    in line b.xdut.xr26.brhrpoly_1p41

Error: 2.39784e+157, 2 out of range for pow
    in line b.xdut.xr26.brhrpoly_1p41

Error: 2.39784e+157, 2 out of range for pow
    in line b.xdut.xr26.brhrpoly_1p41

Error: 2.39784e+157, 2 out of range for pow
    in line b.xdut.xr26.brhrpoly_1p41

Error: 2.39784e+157, 2 out of range for pow
    in line b.xdut.xr26.brhrpoly_1p41

Error: 2.39784e+157, 2 out of range for pow
    in line b.xdut.xr26.brhrpoly_1p41

Error: 2.39784e+157, 2 out of range for pow
    in line b.xdut.xr26.brhrpoly_1p41

Error: 2.39784e+157, 2 out of range for pow
    in line b.xdut.xr26.brhrpoly_1p41

Error: 2.39784e+157, 2 out of range for pow
    in line b.xdut.xr26.brhrpoly_1p41

Error: 2.39784e+157, 2 out of range for pow
    in line b.xdut.xr26.brhrpoly_1p41

Error: 2.39784e+157, 2 out of range for pow
    in line b.xdut.xr26.brhrpoly_1p41

Error: 2.39784e+157, 2 out of range for pow
    in line b.xdut.xr26.brhrpoly_1p41

Error: 2.39784e+157, 2 out of range for pow
    in line b.xdut.xr26.brhrpoly_1p41

Error: 2.39784e+157, 2 out of range for pow
    in line b.xdut.xr26.brhrpoly_1p41

Error: 2.39784e+157, 2 out of range for pow
    in line b.xdut.xr26.brhrpoly_1p41

Error: 2.39784e+157, 2 out of range for pow
    in line b.xdut.xr26.brhrpoly_1p41

Error: 2.39784e+157, 2 out of range for pow
    in line b.xdut.xr26.brhrpoly_1p41

Error: 2.39784e+157, 2 out of range for pow
    in line b.xdut.xr26.brhrpoly_1p41

Error: 2.39784e+157, 2 out of range for pow
    in line b.xdut.xr26.brhrpoly_1p41

doAnalyses: DC:  Timestep too small;  temp = -39.9: trouble with xdut.xq4:sky130_fd_pr__pnp_05v5_w3p40l3p40__model-instance q.xdut.xq4.qsky130_fd_pr__pnp_05v5_w3p40l3p40


dc simulation(s) aborted
******
** ngspice-36 : Circuit level simulation program
** The U. C. Berkeley CAD Group
** Copyright 1985-1994, Regents of the University of California.
** Copyright 2001-2020, The ngspice team.
** Please get your ngspice manual from http://ngspice.sourceforge.net/docs.html
** Please file your bug-reports at http://ngspice.sourceforge.net/bugrep.html
** Creation Date: Sat Jan  1 18:54:42 UTC 2022
******

No compatibility mode selected!


Circuit: cicsimgen tran

Doing analysis at TEMP = 27.000000 and TNOM = 27.000000

binary raw file "tran_SchGtAssTtVt.raw"
ngspice-36 done
