Warning: Step size potentially too small.
Warning: singular matrix:  check nodes vref and vref

Note: Transient op started
Warning: singular matrix:  check nodes m.xdut.xmp10.msky130_fd_pr__pfet_01v8_lvt#drain and m.xdut.xmp10.msky130_fd_pr__pfet_01v8_lvt#drain

Warning: singular matrix:  check nodes m.xdut.xmp10.msky130_fd_pr__pfet_01v8_lvt#drain and m.xdut.xmp10.msky130_fd_pr__pfet_01v8_lvt#drain

Warning: singular matrix:  check nodes m.xdut.xmp16.msky130_fd_pr__pfet_01v8_lvt#source and m.xdut.xmp16.msky130_fd_pr__pfet_01v8_lvt#source

doAnalyses: DC:  Timestep too small;  temp = -40: trouble with node "xdut.net4"


dc simulation(s) aborted
Error(parse.c--checkvalid): temp-sweep: zero length vector.
******
** ngspice-36 : Circuit level simulation program
** The U. C. Berkeley CAD Group
** Copyright 1985-1994, Regents of the University of California.
** Copyright 2001-2020, The ngspice team.
** Please get your ngspice manual from http://ngspice.sourceforge.net/docs.html
** Please file your bug-reports at http://ngspice.sourceforge.net/bugrep.html
** Creation Date: Sat Jan  1 18:54:42 UTC 2022
******

No compatibility mode selected!


Circuit: cicsimgen tran

Doing analysis at TEMP = -40.000000 and TNOM = 27.000000

ngspice-36 done
